
Showing logs for build [32mcb-kubecd-environment-pr-182-8-m7ghr-1[0m stage [32mfrom-build-pack[0m and container [32mstep-credential-initializer-tz68w[0m
{"level":"warn","ts":1584161841.1105216,"logger":"fallback-logger","caller":"logging/config.go:69","msg":"Fetch GitHub commit ID from kodata failed: \"ref: refs/heads/0.8.0-**-support-backwards-incompats\" is not a valid GitHub commit ID"}
{"level":"info","ts":1584161841.111162,"logger":"fallback-logger","caller":"creds-init/main.go:40","msg":"Credentials initialized."}

Showing logs for build [32mcb-kubecd-environment-pr-182-8-m7ghr-1[0m stage [32mfrom-build-pack[0m and container [32mstep-working-dir-initializer-b9zss[0m
{"level":"warn","ts":1584161842.1166878,"logger":"fallback-logger","caller":"logging/config.go:69","msg":"Fetch GitHub commit ID from kodata failed: open /var/run/ko/HEAD: no such file or directory"}
{"level":"info","ts":1584161842.1190076,"logger":"fallback-logger","caller":"bash/main.go:64","msg":"Successfully executed command \"sh -c mkdir -p /workspace/source\"; output "}

Showing logs for build [32mcb-kubecd-environment-pr-182-8-m7ghr-1[0m stage [32mfrom-build-pack[0m and container [32mstep-place-tools[0m

Showing logs for build [32mcb-kubecd-environment-pr-182-8-m7ghr-1[0m stage [32mfrom-build-pack[0m and container [32mstep-git-source-cb-kubecd-environment-pr-182-8-m7ghr-tnmkl[0m
{"level":"warn","ts":1584161870.161035,"logger":"fallback-logger","caller":"logging/config.go:69","msg":"Fetch GitHub commit ID from kodata failed: \"ref: refs/heads/0.8.0-**-support-backwards-incompats\" is not a valid GitHub commit ID"}
{"level":"info","ts":1584161871.2034729,"logger":"fallback-logger","caller":"git/git.go:103","msg":"Successfully cloned https://github.com/cb-kubecd/environment-pr-182-8-gke-upgrade-production.git @ master in path /workspace/source"}

Showing logs for build [32mcb-kubecd-environment-pr-182-8-m7ghr-1[0m stage [32mfrom-build-pack[0m and container [32mstep-git-merge[0m
Using SHAs from PULL_REFS=master:19f037e1afdd9bcc7ef0bf7d5479d36a9bd86232,1:ec1d653b3b2f86918175c232ce2abcff5b96e6df
DEBUG: LC_ALL=C JX_LOG_LEVEL=error git fetch origin --unshallow ec1d653b3b2f86918175c232ce2abcff5b96e6df: 19f037e1afdd9bcc7ef0bf7d5479d36a9bd86232:
DEBUG: ran git fetch --unshallow origin ec1d653b3b2f86918175c232ce2abcff5b96e6df: 19f037e1afdd9bcc7ef0bf7d5479d36a9bd86232: in 
DEBUG: LC_ALL=C JX_LOG_LEVEL=error git branch
DEBUG: LC_ALL=C JX_LOG_LEVEL=error git checkout master
DEBUG: ran git checkout master in 
DEBUG: LC_ALL=C JX_LOG_LEVEL=error git reset --hard 19f037e1afdd9bcc7ef0bf7d5479d36a9bd86232
DEBUG: ran git reset --hard 19f037e1afdd9bcc7ef0bf7d5479d36a9bd86232 in 
DEBUG: LC_ALL=C JX_LOG_LEVEL=error git clean -fd .
DEBUG: ran clean --force -d . in 
DEBUG: LC_ALL=C JX_LOG_LEVEL=error git merge ec1d653b3b2f86918175c232ce2abcff5b96e6df
DEBUG: ran git merge ec1d653b3b2f86918175c232ce2abcff5b96e6df in 
DEBUG: LC_ALL=C JX_LOG_LEVEL=error git log --format=%H%x1f%an%x1f%ae%x1f%cn%x1f%ce%x1f%s%n%b%x1e 19f037e1afdd9bcc7ef0bf7d5479d36a9bd86232..HEAD
Merged SHA ec1d653b3b2f86918175c232ce2abcff5b96e6df with commit message 'chore: Promote bdd-spring-1584160745 to version 0.0.1' into base branch master

Showing logs for build [32mcb-kubecd-environment-pr-182-8-m7ghr-1[0m stage [32mfrom-build-pack[0m and container [32mstep-build-helm-build[0m
WARNING: No $CHART_REPOSITORY defined so using the default value of: http://jenkins-x-chartmuseum:8080
Adding missing Helm repo: storage.googleapis.com https://storage.googleapis.com/chartmuseum.jenkins-x.io
WARNING: No secrets found on "helm/repos" due: reading the secret "helm/repos" from vault: no secret "helm/repos" not found in vault
Read credentials for https://storage.googleapis.com/chartmuseum.jenkins-x.io from vault helm/repos
Successfully added Helm repository storage.googleapis.com.
Adding missing Helm repo: jenkins-x-chartmuseum http://jenkins-x-chartmuseum:8080
WARNING: No secrets found on "helm/repos" due: reading the secret "helm/repos" from vault: no secret "helm/repos" not found in vault
Read credentials for http://jenkins-x-chartmuseum:8080 from vault helm/repos
Successfully added Helm repository jenkins-x-chartmuseum.
WARNING: No $CHART_REPOSITORY defined so using the default value of: http://jenkins-x-chartmuseum:8080
Adding missing Helm repo: chartmuseum.jenkins-x.io http://chartmuseum.jenkins-x.io
WARNING: No secrets found on "helm/repos" due: reading the secret "helm/repos" from vault: no secret "helm/repos" not found in vault
Read credentials for http://chartmuseum.jenkins-x.io from vault helm/repos
Successfully added Helm repository chartmuseum.jenkins-x.io.
